2015-06-16 09:32:20,451 INFO  [Slf4jLog.java:67] : Logging to org.slf4j.impl.Log4jLoggerAdapter(org.mortbay.log) via org.mortbay.log.Slf4jLog
2015-06-16 09:32:20,478 INFO  [Slf4jLog.java:67] : jetty-6.1.x
2015-06-16 09:32:20,528 INFO  [Slf4jLog.java:67] : Started SocketConnector@0.0.0.0:8082
2015-06-16 09:32:20,529 INFO  [ExporterProviderImpl.java:76] : starting GTFS-realtime service
2015-06-16 09:32:20,531 INFO  [ExporterProviderImpl.java:142] : refreshing feeds
2015-06-16 09:32:20,570 INFO  [ExporterProviderImpl.java:104] : Trip Updates extracted: 203
2015-06-16 09:32:20,712 INFO  [ExporterProviderImpl.java:113] : Vehicle Positions extracted: 203
2015-06-16 09:32:20,749 INFO  [ExporterProviderImpl.java:123] : Alerts extracted: 0
2015-06-16 09:32:27,530 INFO  [ExporterProviderImpl.java:142] : refreshing feeds
2015-06-16 09:32:27,539 INFO  [ExporterProviderImpl.java:104] : Trip Updates extracted: 203
2015-06-16 09:32:27,583 INFO  [ExporterProviderImpl.java:113] : Vehicle Positions extracted: 203
2015-06-16 09:32:27,603 INFO  [ExporterProviderImpl.java:123] : Alerts extracted: 0
2015-06-16 09:32:34,530 INFO  [ExporterProviderImpl.java:142] : refreshing feeds
2015-06-16 09:32:34,535 INFO  [ExporterProviderImpl.java:104] : Trip Updates extracted: 203
2015-06-16 09:32:34,553 INFO  [ExporterProviderImpl.java:113] : Vehicle Positions extracted: 203
2015-06-16 09:32:34,563 INFO  [ExporterProviderImpl.java:123] : Alerts extracted: 0
2015-06-16 09:32:41,530 INFO  [ExporterProviderImpl.java:142] : refreshing feeds
2015-06-16 09:32:41,532 INFO  [ExporterProviderImpl.java:104] : Trip Updates extracted: 203
2015-06-16 09:32:41,542 INFO  [ExporterProviderImpl.java:113] : Vehicle Positions extracted: 203
2015-06-16 09:32:41,548 INFO  [ExporterProviderImpl.java:123] : Alerts extracted: 0
2015-06-16 09:32:43,625 INFO  [ExporterProviderImpl.java:86] : stopping GTFS-realtime service
2015-06-16 09:32:43,626 INFO  [Slf4jLog.java:67] : Stopped SocketConnector@0.0.0.0:8082
2015-06-16 09:33:26,573 INFO  [Slf4jLog.java:67] : Logging to org.slf4j.impl.Log4jLoggerAdapter(org.mortbay.log) via org.mortbay.log.Slf4jLog
2015-06-16 09:33:26,601 INFO  [Slf4jLog.java:67] : jetty-6.1.x
2015-06-16 09:33:26,648 INFO  [Slf4jLog.java:67] : Started SocketConnector@0.0.0.0:8082
2015-06-16 09:33:26,648 INFO  [ExporterProviderImpl.java:76] : starting GTFS-realtime service
2015-06-16 09:33:26,650 INFO  [ExporterProviderImpl.java:142] : refreshing feeds
2015-06-16 09:33:26,685 INFO  [ExporterProviderImpl.java:104] : Trip Updates extracted: 203
2015-06-16 09:33:26,849 INFO  [ExporterProviderImpl.java:113] : Vehicle Positions extracted: 203
2015-06-16 09:33:26,885 INFO  [ExporterProviderImpl.java:123] : Alerts extracted: 0
2015-06-16 09:33:33,024 INFO  [ExporterProviderImpl.java:86] : stopping GTFS-realtime service
2015-06-16 09:33:33,025 INFO  [Slf4jLog.java:67] : Stopped SocketConnector@0.0.0.0:8082
2015-06-16 09:33:36,928 INFO  [Slf4jLog.java:67] : Logging to org.slf4j.impl.Log4jLoggerAdapter(org.mortbay.log) via org.mortbay.log.Slf4jLog
2015-06-16 09:33:36,958 INFO  [Slf4jLog.java:67] : jetty-6.1.x
2015-06-16 09:33:36,999 INFO  [Slf4jLog.java:67] : Started SocketConnector@0.0.0.0:8082
2015-06-16 09:33:37,000 INFO  [Slf4jLog.java:67] : jetty-6.1.x
2015-06-16 09:33:37,001 INFO  [Slf4jLog.java:67] : Started SocketConnector@0.0.0.0:8085
2015-06-16 09:33:37,001 INFO  [ExporterProviderImpl.java:76] : starting GTFS-realtime service
2015-06-16 09:33:37,003 INFO  [ExporterProviderImpl.java:142] : refreshing feeds
2015-06-16 09:33:37,036 INFO  [ExporterProviderImpl.java:104] : Trip Updates extracted: 203
2015-06-16 09:33:37,193 INFO  [ExporterProviderImpl.java:113] : Vehicle Positions extracted: 203
2015-06-16 09:33:37,226 INFO  [ExporterProviderImpl.java:123] : Alerts extracted: 0
2015-06-16 09:33:44,003 INFO  [ExporterProviderImpl.java:142] : refreshing feeds
2015-06-16 09:33:44,011 INFO  [ExporterProviderImpl.java:104] : Trip Updates extracted: 203
2015-06-16 09:33:44,042 INFO  [ExporterProviderImpl.java:113] : Vehicle Positions extracted: 203
2015-06-16 09:33:44,060 INFO  [ExporterProviderImpl.java:123] : Alerts extracted: 0
2015-06-16 09:33:51,002 INFO  [ExporterProviderImpl.java:142] : refreshing feeds
2015-06-16 09:33:51,007 INFO  [ExporterProviderImpl.java:104] : Trip Updates extracted: 203
2015-06-16 09:33:51,025 INFO  [ExporterProviderImpl.java:113] : Vehicle Positions extracted: 203
2015-06-16 09:33:51,037 INFO  [ExporterProviderImpl.java:123] : Alerts extracted: 0
2015-06-16 09:33:53,117 INFO  [ExporterProviderImpl.java:86] : stopping GTFS-realtime service
2015-06-16 09:33:53,118 INFO  [Slf4jLog.java:67] : Stopped SocketConnector@0.0.0.0:8082
2015-06-16 09:33:53,219 INFO  [Slf4jLog.java:67] : Stopped SocketConnector@0.0.0.0:8085
2015-06-16 09:34:01,193 INFO  [Slf4jLog.java:67] : Logging to org.slf4j.impl.Log4jLoggerAdapter(org.mortbay.log) via org.mortbay.log.Slf4jLog
2015-06-16 09:34:01,224 INFO  [Slf4jLog.java:67] : jetty-6.1.x
2015-06-16 09:34:01,280 INFO  [Slf4jLog.java:67] : Started SocketConnector@0.0.0.0:8082
2015-06-16 09:34:01,280 INFO  [Slf4jLog.java:67] : jetty-6.1.x
2015-06-16 09:34:01,281 INFO  [Slf4jLog.java:67] : Started SocketConnector@0.0.0.0:8085
2015-06-16 09:34:01,282 INFO  [ExporterProviderImpl.java:76] : starting GTFS-realtime service
2015-06-16 09:34:01,284 INFO  [ExporterProviderImpl.java:142] : refreshing feeds
2015-06-16 09:34:01,318 INFO  [ExporterProviderImpl.java:104] : Trip Updates extracted: 203
2015-06-16 09:34:01,472 INFO  [ExporterProviderImpl.java:113] : Vehicle Positions extracted: 203
2015-06-16 09:34:01,507 INFO  [ExporterProviderImpl.java:123] : Alerts extracted: 0
2015-06-16 09:34:08,284 INFO  [ExporterProviderImpl.java:142] : refreshing feeds
2015-06-16 09:34:08,287 INFO  [ExporterProviderImpl.java:104] : Trip Updates extracted: 203
2015-06-16 09:34:08,299 INFO  [ExporterProviderImpl.java:113] : Vehicle Positions extracted: 203
2015-06-16 09:34:08,315 INFO  [ExporterProviderImpl.java:123] : Alerts extracted: 0
2015-06-16 09:34:15,283 INFO  [ExporterProviderImpl.java:142] : refreshing feeds
2015-06-16 09:34:15,292 INFO  [ExporterProviderImpl.java:104] : Trip Updates extracted: 203
2015-06-16 09:34:15,306 INFO  [ExporterProviderImpl.java:113] : Vehicle Positions extracted: 203
2015-06-16 09:34:15,327 INFO  [ExporterProviderImpl.java:123] : Alerts extracted: 0
2015-06-16 09:34:22,283 INFO  [ExporterProviderImpl.java:142] : refreshing feeds
2015-06-16 09:34:22,286 INFO  [ExporterProviderImpl.java:104] : Trip Updates extracted: 203
2015-06-16 09:34:22,307 INFO  [ExporterProviderImpl.java:113] : Vehicle Positions extracted: 203
2015-06-16 09:34:22,328 INFO  [ExporterProviderImpl.java:123] : Alerts extracted: 0
2015-06-16 09:34:29,283 INFO  [ExporterProviderImpl.java:142] : refreshing feeds
2015-06-16 09:34:29,287 INFO  [ExporterProviderImpl.java:104] : Trip Updates extracted: 203
2015-06-16 09:34:29,299 INFO  [ExporterProviderImpl.java:113] : Vehicle Positions extracted: 203
2015-06-16 09:34:29,305 INFO  [ExporterProviderImpl.java:123] : Alerts extracted: 0
2015-06-16 09:34:36,283 INFO  [ExporterProviderImpl.java:142] : refreshing feeds
2015-06-16 09:34:36,285 INFO  [ExporterProviderImpl.java:104] : Trip Updates extracted: 203
2015-06-16 09:34:36,291 INFO  [ExporterProviderImpl.java:113] : Vehicle Positions extracted: 203
2015-06-16 09:34:36,295 INFO  [ExporterProviderImpl.java:123] : Alerts extracted: 0
2015-06-16 09:34:43,283 INFO  [ExporterProviderImpl.java:142] : refreshing feeds
2015-06-16 09:34:43,287 INFO  [ExporterProviderImpl.java:104] : Trip Updates extracted: 203
2015-06-16 09:34:43,292 INFO  [ExporterProviderImpl.java:113] : Vehicle Positions extracted: 203
2015-06-16 09:34:43,297 INFO  [ExporterProviderImpl.java:123] : Alerts extracted: 0
2015-06-16 09:34:50,283 INFO  [ExporterProviderImpl.java:142] : refreshing feeds
2015-06-16 09:34:50,285 INFO  [ExporterProviderImpl.java:104] : Trip Updates extracted: 203
2015-06-16 09:34:50,288 INFO  [ExporterProviderImpl.java:113] : Vehicle Positions extracted: 203
2015-06-16 09:34:50,292 INFO  [ExporterProviderImpl.java:123] : Alerts extracted: 0
2015-06-16 09:34:57,283 INFO  [ExporterProviderImpl.java:142] : refreshing feeds
2015-06-16 09:34:57,285 INFO  [ExporterProviderImpl.java:104] : Trip Updates extracted: 203
2015-06-16 09:34:57,295 INFO  [ExporterProviderImpl.java:113] : Vehicle Positions extracted: 203
2015-06-16 09:34:57,298 INFO  [ExporterProviderImpl.java:123] : Alerts extracted: 0
2015-06-16 09:35:04,283 INFO  [ExporterProviderImpl.java:142] : refreshing feeds
2015-06-16 09:35:04,287 INFO  [ExporterProviderImpl.java:104] : Trip Updates extracted: 203
2015-06-16 09:35:04,293 INFO  [ExporterProviderImpl.java:113] : Vehicle Positions extracted: 203
2015-06-16 09:35:04,297 INFO  [ExporterProviderImpl.java:123] : Alerts extracted: 0
2015-06-16 09:35:07,350 INFO  [ExporterProviderImpl.java:86] : stopping GTFS-realtime service
2015-06-16 09:35:07,352 INFO  [Slf4jLog.java:67] : Stopped SocketConnector@0.0.0.0:8082
2015-06-16 09:35:07,454 INFO  [Slf4jLog.java:67] : Stopped SocketConnector@0.0.0.0:8085
